<?xml version="1.0" encoding="UTF-8"?>
<!-- Generated by org.testng.reporters.JUnitXMLReporter -->
<testsuite ignored="0" hostname="DESKTOP-M9M5V5Q" failures="1" tests="1" name="Crossbrowsertesting Edge" time="0.072" errors="0" timestamp="2024-06-23T22:18:23 IST">
  <testcase classname="selenium_Amazon.Google_Parallel" name="testcase1" time="0.0">
    <failure type="org.testng.TestNGException" message="
Parameter &amp;apos;browser&amp;apos; is required by @Test on method testcase1 but has not been marked @Optional or defined
in C:\Users\Raghuveer\eclipse-workspace\BasicProgram_GroTechMinds\Selenium_TestNG\Crossbrowsertesting.xml">
      <![CDATA[org.testng.TestNGException: 
Parameter 'browser' is required by @Test on method testcase1 but has not been marked @Optional or defined
in C:\Users\Raghuveer\eclipse-workspace\BasicProgram_GroTechMinds\Selenium_TestNG\Crossbrowsertesting.xml
at java.base/java.util.ArrayList.forEach(ArrayList.java:1511)
... Removed 26 stack frames]]>
    </failure>
  </testcase> <!-- testcase1 -->
</testsuite> <!-- Crossbrowsertesting Edge -->
